INFO:services.invoice_service:Admin e01127f1-996a-4ca9-a282-e2f9e5cd28f7 triggered global auto-review batch on 9 invoices.
ERROR:services.ocr_service:OCR Timeout: (1, 'Error opening data file /home/ashish/python/share/tessdata Please make sure the TESSDATA_PREFIX environment variable is set to your "tessdata" directory. Failed loading language \'eng\' Tesseract couldn\'t load any languages! Could not initialize tesseract.')
WARNING:services.invoice_service:Skipping OCR for batch a7e37bf8-f135-4053-97c0-8d1b4aa5afaa due to storage/parse err: OCR stalled: (1, 'Error opening data file /home/ashish/python/share/tessdata Please make sure the TESSDATA_PREFIX environment variable is set to your "tessdata" directory. Failed loading language \'eng\' Tesseract couldn\'t load any languages! Could not initialize tesseract.')
ERROR:services.ocr_service:OCR Timeout: (1, 'Error opening data file /home/ashish/python/share/tessdata Please make sure the TESSDATA_PREFIX environment variable is set to your "tessdata" directory. Failed loading language \'eng\' Tesseract couldn\'t load any languages! Could not initialize tesseract.')
WARNING:services.invoice_service:Skipping OCR for batch 056729f2-8465-4613-a303-b61551e246aa due to storage/parse err: OCR stalled: (1, 'Error opening data file /home/ashish/python/share/tessdata Please make sure the TESSDATA_PREFIX environment variable is set to your "tessdata" directory. Failed loading language \'eng\' Tesseract couldn\'t load any languages! Could not initialize tesseract.')
ERROR:services.ocr_service:OCR Timeout: (1, 'Error opening data file /home/ashish/python/share/tessdata Please make sure the TESSDATA_PREFIX environment variable is set to your "tessdata" directory. Failed loading language \'eng\' Tesseract couldn\'t load any languages! Could not initialize tesseract.')
WARNING:services.invoice_service:Skipping OCR for batch 664230bb-a823-4468-9559-e6e85238c5f6 due to storage/parse err: OCR stalled: (1, 'Error opening data file /home/ashish/python/share/tessdata Please make sure the TESSDATA_PREFIX environment variable is set to your "tessdata" directory. Failed loading language \'eng\' Tesseract couldn\'t load any languages! Could not initialize tesseract.')
ERROR:services.ocr_service:OCR Timeout: (1, 'Error opening data file /home/ashish/python/share/tessdata Please make sure the TESSDATA_PREFIX environment variable is set to your "tessdata" directory. Failed loading language \'eng\' Tesseract couldn\'t load any languages! Could not initialize tesseract.')
WARNING:services.invoice_service:Skipping OCR for batch 817e3b07-a0af-47c4-ac3c-81267b2ab43e due to storage/parse err: OCR stalled: (1, 'Error opening data file /home/ashish/python/share/tessdata Please make sure the TESSDATA_PREFIX environment variable is set to your "tessdata" directory. Failed loading language \'eng\' Tesseract couldn\'t load any languages! Could not initialize tesseract.')
ERROR:services.ocr_service:OCR Timeout: (1, 'Error opening data file /home/ashish/python/share/tessdata Please make sure the TESSDATA_PREFIX environment variable is set to your "tessdata" directory. Failed loading language \'eng\' Tesseract couldn\'t load any languages! Could not initialize tesseract.')
WARNING:services.invoice_service:Skipping OCR for batch fc195875-88bc-470d-85f7-0a2f56a0ce4f due to storage/parse err: OCR stalled: (1, 'Error opening data file /home/ashish/python/share/tessdata Please make sure the TESSDATA_PREFIX environment variable is set to your "tessdata" directory. Failed loading language \'eng\' Tesseract couldn\'t load any languages! Could not initialize tesseract.')
ERROR:services.ocr_service:OCR Timeout: (1, 'Error opening data file /home/ashish/python/share/tessdata Please make sure the TESSDATA_PREFIX environment variable is set to your "tessdata" directory. Failed loading language \'eng\' Tesseract couldn\'t load any languages! Could not initialize tesseract.')
WARNING:services.invoice_service:Skipping OCR for batch 5f56e514-00e5-4d13-839f-226a02a581c1 due to storage/parse err: OCR stalled: (1, 'Error opening data file /home/ashish/python/share/tessdata Please make sure the TESSDATA_PREFIX environment variable is set to your "tessdata" directory. Failed loading language \'eng\' Tesseract couldn\'t load any languages! Could not initialize tesseract.')
ERROR:services.ocr_service:OCR Timeout: (1, 'Error opening data file /home/ashish/python/share/tessdata Please make sure the TESSDATA_PREFIX environment variable is set to your "tessdata" directory. Failed loading language \'eng\' Tesseract couldn\'t load any languages! Could not initialize tesseract.')
WARNING:services.invoice_service:Skipping OCR for batch ff2f1790-2a56-4119-b02c-228304e3aff9 due to storage/parse err: OCR stalled: (1, 'Error opening data file /home/ashish/python/share/tessdata Please make sure the TESSDATA_PREFIX environment variable is set to your "tessdata" directory. Failed loading language \'eng\' Tesseract couldn\'t load any languages! Could not initialize tesseract.')
ERROR:services.ocr_service:OCR Timeout: (1, 'Error opening data file /home/ashish/python/share/tessdata Please make sure the TESSDATA_PREFIX environment variable is set to your "tessdata" directory. Failed loading language \'eng\' Tesseract couldn\'t load any languages! Could not initialize tesseract.')
WARNING:services.invoice_service:Skipping OCR for batch 7122c39e-e64f-4147-bf38-f7af65b552ea due to storage/parse err: OCR stalled: (1, 'Error opening data file /home/ashish/python/share/tessdata Please make sure the TESSDATA_PREFIX environment variable is set to your "tessdata" directory. Failed loading language \'eng\' Tesseract couldn\'t load any languages! Could not initialize tesseract.')
ERROR:services.ocr_service:OCR Timeout: (1, 'Error opening data file /home/ashish/python/share/tessdata Please make sure the TESSDATA_PREFIX environment variable is set to your "tessdata" directory. Failed loading language \'eng\' Tesseract couldn\'t load any languages! Could not initialize tesseract.')
WARNING:services.invoice_service:Skipping OCR for batch 39d735ac-c03b-4b9b-8732-e26e0fad528f due to storage/parse err: OCR stalled: (1, 'Error opening data file /home/ashish/python/share/tessdata Please make sure the TESSDATA_PREFIX environment variable is set to your "tessdata" directory. Failed loading language \'eng\' Tesseract couldn\'t load any languages! Could not initialize tesseract.')
Starting DB checks...
Triggering batch function with Admin e01127f1-996a-4ca9-a282-e2f9e5cd28f7...
Batch function finished.
